<?xml version="1.0" encoding="UTF-8"?>
<robot generator="Robot 5.0.1 (Python 3.10.4 on win32)" generated="20220922 14:35:36.652" rpa="false" schemaversion="3">
<suite id="s1" name="Instance" source="C:\xampp\htdocs\PP_RPA\work\activites\15\instance.robot">
<test id="s1-t1" name="Search Domain" line="5">
<kw name="Open Browser" library="SeleniumLibrary">
<arg>https://google.com</arg>
<arg>chrome</arg>
<doc>Opens a new browser instance to the optional ``url``.</doc>
<msg timestamp="20220922 14:35:36.824" level="INFO">Opening browser 'chrome' to base url 'https://google.com'.</msg>
<status status="PASS" starttime="20220922 14:35:36.824" endtime="20220922 14:35:41.327"/>
</kw>
<kw name="Sleep" library="BuiltIn">
<arg>5</arg>
<doc>Pauses the test executed for the given time.</doc>
<msg timestamp="20220922 14:35:46.341" level="INFO">Slept 5 seconds</msg>
<status status="PASS" starttime="20220922 14:35:41.327" endtime="20220922 14:35:46.341"/>
</kw>
<kw name="Close Browser" library="SeleniumLibrary">
<doc>Closes the current browser.</doc>
<status status="PASS" starttime="20220922 14:35:46.342" endtime="20220922 14:35:48.454"/>
</kw>
<status status="PASS" starttime="20220922 14:35:36.824" endtime="20220922 14:35:48.454"/>
</test>
<status status="PASS" starttime="20220922 14:35:36.652" endtime="20220922 14:35:48.455"/>
</suite>
<statistics>
<total>
<stat pass="1" fail="0" skip="0">All Tests</stat>
</total>
<tag>
</tag>
<suite>
<stat pass="1" fail="0" skip="0" id="s1" name="Instance">Instance</stat>
</suite>
</statistics>
<errors>
</errors>
</robot>
